[15:46:28] [main/INFO]: Setting user: Player252
[15:46:30] [Client thread/INFO]: LWJGL Version: 2.9.1
[15:46:33] [Client thread/INFO]: Reloading ResourceManager: Default, FMLFileResourcePack:Forge Mod Loader, FMLFileResourcePack:Minecraft Forge, FMLFileResourcePack:DMA Example
[15:46:35] [Sound Library Loader/INFO]: Sound engine started
[15:46:35] [Client thread/ERROR]: Using missing texture, unable to load yourmodsname:textures/blocks/my_dragon_egg_bottom.png
java.io.FileNotFoundException: yourmodsname:textures/blocks/my_dragon_egg_bottom.png
	at net.minecraft.client.resources.FallbackResourceManager.getResource(FallbackResourceManager.java:65) ~[FallbackResourceManager.class:?]
	at net.minecraft.client.resources.SimpleReloadableResourceManager.getResource(SimpleReloadableResourceManager.java:67) ~[SimpleReloadableResourceManager.class:?]
	at net.minecraft.client.renderer.texture.TextureMap.loadTextureAtlas(TextureMap.java:126) [TextureMap.class:?]
	at net.minecraft.client.renderer.texture.TextureMap.loadTexture(TextureMap.java:91) [TextureMap.class:?]
	at net.minecraft.client.renderer.texture.TextureManager.loadTexture(TextureManager.java:89) [TextureManager.class:?]
	at net.minecraft.client.renderer.texture.TextureManager.loadTickableTexture(TextureManager.java:71) [TextureManager.class:?]
	at net.minecraft.client.renderer.texture.TextureManager.loadTextureMap(TextureManager.java:58) [TextureManager.class:?]
	at net.minecraft.client.Minecraft.startGame(Minecraft.java:581) [Minecraft.class:?]
	at net.minecraft.client.Minecraft.run(Minecraft.java:892) [Minecraft.class:?]
	at net.minecraft.client.main.Main.main(Main.java:112) [Main.class:?]
	at sun.reflect.NativeMethodAccessorImpl.invoke0(Native Method) ~[?:1.6.0_65]
	at sun.reflect.NativeMethodAccessorImpl.invoke(NativeMethodAccessorImpl.java:39) ~[?:1.6.0_65]
	at sun.reflect.DelegatingMethodAccessorImpl.invoke(DelegatingMethodAccessorImpl.java:25) ~[?:1.6.0_65]
	at java.lang.reflect.Method.invoke(Method.java:597) ~[?:1.6.0_65]
	at net.minecraft.launchwrapper.Launch.launch(Launch.java:134) [launchwrapper-1.9.jar:?]
	at net.minecraft.launchwrapper.Launch.main(Launch.java:28) [launchwrapper-1.9.jar:?]
[15:46:35] [Client thread/ERROR]: Using missing texture, unable to load yourmodsname:textures/blocks/my_dragon_egg_side.png
java.io.FileNotFoundException: yourmodsname:textures/blocks/my_dragon_egg_side.png
	at net.minecraft.client.resources.FallbackResourceManager.getResource(FallbackResourceManager.java:65) ~[FallbackResourceManager.class:?]
	at net.minecraft.client.resources.SimpleReloadableResourceManager.getResource(SimpleReloadableResourceManager.java:67) ~[SimpleReloadableResourceManager.class:?]
	at net.minecraft.client.renderer.texture.TextureMap.loadTextureAtlas(TextureMap.java:126) [TextureMap.class:?]
	at net.minecraft.client.renderer.texture.TextureMap.loadTexture(TextureMap.java:91) [TextureMap.class:?]
	at net.minecraft.client.renderer.texture.TextureManager.loadTexture(TextureManager.java:89) [TextureManager.class:?]
	at net.minecraft.client.renderer.texture.TextureManager.loadTickableTexture(TextureManager.java:71) [TextureManager.class:?]
	at net.minecraft.client.renderer.texture.TextureManager.loadTextureMap(TextureManager.java:58) [TextureManager.class:?]
	at net.minecraft.client.Minecraft.startGame(Minecraft.java:581) [Minecraft.class:?]
	at net.minecraft.client.Minecraft.run(Minecraft.java:892) [Minecraft.class:?]
	at net.minecraft.client.main.Main.main(Main.java:112) [Main.class:?]
	at sun.reflect.NativeMethodAccessorImpl.invoke0(Native Method) ~[?:1.6.0_65]
	at sun.reflect.NativeMethodAccessorImpl.invoke(NativeMethodAccessorImpl.java:39) ~[?:1.6.0_65]
	at sun.reflect.DelegatingMethodAccessorImpl.invoke(DelegatingMethodAccessorImpl.java:25) ~[?:1.6.0_65]
	at java.lang.reflect.Method.invoke(Method.java:597) ~[?:1.6.0_65]
	at net.minecraft.launchwrapper.Launch.launch(Launch.java:134) [launchwrapper-1.9.jar:?]
	at net.minecraft.launchwrapper.Launch.main(Launch.java:28) [launchwrapper-1.9.jar:?]
[15:46:35] [Client thread/ERROR]: Using missing texture, unable to load yourmodsname:textures/blocks/my_dragon_egg_top.png
java.io.FileNotFoundException: yourmodsname:textures/blocks/my_dragon_egg_top.png
	at net.minecraft.client.resources.FallbackResourceManager.getResource(FallbackResourceManager.java:65) ~[FallbackResourceManager.class:?]
	at net.minecraft.client.resources.SimpleReloadableResourceManager.getResource(SimpleReloadableResourceManager.java:67) ~[SimpleReloadableResourceManager.class:?]
	at net.minecraft.client.renderer.texture.TextureMap.loadTextureAtlas(TextureMap.java:126) [TextureMap.class:?]
	at net.minecraft.client.renderer.texture.TextureMap.loadTexture(TextureMap.java:91) [TextureMap.class:?]
	at net.minecraft.client.renderer.texture.TextureManager.loadTexture(TextureManager.java:89) [TextureManager.class:?]
	at net.minecraft.client.renderer.texture.TextureManager.loadTickableTexture(TextureManager.java:71) [TextureManager.class:?]
	at net.minecraft.client.renderer.texture.TextureManager.loadTextureMap(TextureManager.java:58) [TextureManager.class:?]
	at net.minecraft.client.Minecraft.startGame(Minecraft.java:581) [Minecraft.class:?]
	at net.minecraft.client.Minecraft.run(Minecraft.java:892) [Minecraft.class:?]
	at net.minecraft.client.main.Main.main(Main.java:112) [Main.class:?]
	at sun.reflect.NativeMethodAccessorImpl.invoke0(Native Method) ~[?:1.6.0_65]
	at sun.reflect.NativeMethodAccessorImpl.invoke(NativeMethodAccessorImpl.java:39) ~[?:1.6.0_65]
	at sun.reflect.DelegatingMethodAccessorImpl.invoke(DelegatingMethodAccessorImpl.java:25) ~[?:1.6.0_65]
	at java.lang.reflect.Method.invoke(Method.java:597) ~[?:1.6.0_65]
	at net.minecraft.launchwrapper.Launch.launch(Launch.java:134) [launchwrapper-1.9.jar:?]
	at net.minecraft.launchwrapper.Launch.main(Launch.java:28) [launchwrapper-1.9.jar:?]
[15:46:35] [Client thread/INFO]: Created: 512x256 textures/blocks-atlas
[15:46:35] [Client thread/INFO]: Created: 256x256 textures/items-atlas
[15:46:36] [Client thread/INFO]: Reloading ResourceManager: Default, FMLFileResourcePack:Forge Mod Loader, FMLFileResourcePack:Minecraft Forge, FMLFileResourcePack:DMA Example
[15:46:36] [Client thread/INFO]: Created: 256x256 textures/items-atlas
[15:46:36] [Client thread/ERROR]: Using missing texture, unable to load yourmodsname:textures/blocks/my_dragon_egg_bottom.png
java.io.FileNotFoundException: yourmodsname:textures/blocks/my_dragon_egg_bottom.png
	at net.minecraft.client.resources.FallbackResourceManager.getResource(FallbackResourceManager.java:65) ~[FallbackResourceManager.class:?]
	at net.minecraft.client.resources.SimpleReloadableResourceManager.getResource(SimpleReloadableResourceManager.java:67) ~[SimpleReloadableResourceManager.class:?]
	at net.minecraft.client.renderer.texture.TextureMap.loadTextureAtlas(TextureMap.java:126) [TextureMap.class:?]
	at net.minecraft.client.renderer.texture.TextureMap.loadTexture(TextureMap.java:91) [TextureMap.class:?]
	at net.minecraft.client.renderer.texture.TextureManager.loadTexture(TextureManager.java:89) [TextureManager.class:?]
	at net.minecraft.client.renderer.texture.TextureManager.onResourceManagerReload(TextureManager.java:170) [TextureManager.class:?]
	at net.minecraft.client.resources.SimpleReloadableResourceManager.notifyReloadListeners(SimpleReloadableResourceManager.java:134) [SimpleReloadableResourceManager.class:?]
	at net.minecraft.client.resources.SimpleReloadableResourceManager.reloadResources(SimpleReloadableResourceManager.java:118) [SimpleReloadableResourceManager.class:?]
	at net.minecraft.client.Minecraft.refreshResources(Minecraft.java:626) [Minecraft.class:?]
	at cpw.mods.fml.client.FMLClientHandler.finishMinecraftLoading(FMLClientHandler.java:282) [FMLClientHandler.class:?]
	at net.minecraft.client.Minecraft.startGame(Minecraft.java:585) [Minecraft.class:?]
	at net.minecraft.client.Minecraft.run(Minecraft.java:892) [Minecraft.class:?]
	at net.minecraft.client.main.Main.main(Main.java:112) [Main.class:?]
	at sun.reflect.NativeMethodAccessorImpl.invoke0(Native Method) ~[?:1.6.0_65]
	at sun.reflect.NativeMethodAccessorImpl.invoke(NativeMethodAccessorImpl.java:39) ~[?:1.6.0_65]
	at sun.reflect.DelegatingMethodAccessorImpl.invoke(DelegatingMethodAccessorImpl.java:25) ~[?:1.6.0_65]
	at java.lang.reflect.Method.invoke(Method.java:597) ~[?:1.6.0_65]
	at net.minecraft.launchwrapper.Launch.launch(Launch.java:134) [launchwrapper-1.9.jar:?]
	at net.minecraft.launchwrapper.Launch.main(Launch.java:28) [launchwrapper-1.9.jar:?]
[15:46:36] [Client thread/ERROR]: Using missing texture, unable to load yourmodsname:textures/blocks/my_dragon_egg_side.png
java.io.FileNotFoundException: yourmodsname:textures/blocks/my_dragon_egg_side.png
	at net.minecraft.client.resources.FallbackResourceManager.getResource(FallbackResourceManager.java:65) ~[FallbackResourceManager.class:?]
	at net.minecraft.client.resources.SimpleReloadableResourceManager.getResource(SimpleReloadableResourceManager.java:67) ~[SimpleReloadableResourceManager.class:?]
	at net.minecraft.client.renderer.texture.TextureMap.loadTextureAtlas(TextureMap.java:126) [TextureMap.class:?]
	at net.minecraft.client.renderer.texture.TextureMap.loadTexture(TextureMap.java:91) [TextureMap.class:?]
	at net.minecraft.client.renderer.texture.TextureManager.loadTexture(TextureManager.java:89) [TextureManager.class:?]
	at net.minecraft.client.renderer.texture.TextureManager.onResourceManagerReload(TextureManager.java:170) [TextureManager.class:?]
	at net.minecraft.client.resources.SimpleReloadableResourceManager.notifyReloadListeners(SimpleReloadableResourceManager.java:134) [SimpleReloadableResourceManager.class:?]
	at net.minecraft.client.resources.SimpleReloadableResourceManager.reloadResources(SimpleReloadableResourceManager.java:118) [SimpleReloadableResourceManager.class:?]
	at net.minecraft.client.Minecraft.refreshResources(Minecraft.java:626) [Minecraft.class:?]
	at cpw.mods.fml.client.FMLClientHandler.finishMinecraftLoading(FMLClientHandler.java:282) [FMLClientHandler.class:?]
	at net.minecraft.client.Minecraft.startGame(Minecraft.java:585) [Minecraft.class:?]
	at net.minecraft.client.Minecraft.run(Minecraft.java:892) [Minecraft.class:?]
	at net.minecraft.client.main.Main.main(Main.java:112) [Main.class:?]
	at sun.reflect.NativeMethodAccessorImpl.invoke0(Native Method) ~[?:1.6.0_65]
	at sun.reflect.NativeMethodAccessorImpl.invoke(NativeMethodAccessorImpl.java:39) ~[?:1.6.0_65]
	at sun.reflect.DelegatingMethodAccessorImpl.invoke(DelegatingMethodAccessorImpl.java:25) ~[?:1.6.0_65]
	at java.lang.reflect.Method.invoke(Method.java:597) ~[?:1.6.0_65]
	at net.minecraft.launchwrapper.Launch.launch(Launch.java:134) [launchwrapper-1.9.jar:?]
	at net.minecraft.launchwrapper.Launch.main(Launch.java:28) [launchwrapper-1.9.jar:?]
[15:46:36] [Client thread/ERROR]: Using missing texture, unable to load yourmodsname:textures/blocks/my_dragon_egg_top.png
java.io.FileNotFoundException: yourmodsname:textures/blocks/my_dragon_egg_top.png
	at net.minecraft.client.resources.FallbackResourceManager.getResource(FallbackResourceManager.java:65) ~[FallbackResourceManager.class:?]
	at net.minecraft.client.resources.SimpleReloadableResourceManager.getResource(SimpleReloadableResourceManager.java:67) ~[SimpleReloadableResourceManager.class:?]
	at net.minecraft.client.renderer.texture.TextureMap.loadTextureAtlas(TextureMap.java:126) [TextureMap.class:?]
	at net.minecraft.client.renderer.texture.TextureMap.loadTexture(TextureMap.java:91) [TextureMap.class:?]
	at net.minecraft.client.renderer.texture.TextureManager.loadTexture(TextureManager.java:89) [TextureManager.class:?]
	at net.minecraft.client.renderer.texture.TextureManager.onResourceManagerReload(TextureManager.java:170) [TextureManager.class:?]
	at net.minecraft.client.resources.SimpleReloadableResourceManager.notifyReloadListeners(SimpleReloadableResourceManager.java:134) [SimpleReloadableResourceManager.class:?]
	at net.minecraft.client.resources.SimpleReloadableResourceManager.reloadResources(SimpleReloadableResourceManager.java:118) [SimpleReloadableResourceManager.class:?]
	at net.minecraft.client.Minecraft.refreshResources(Minecraft.java:626) [Minecraft.class:?]
	at cpw.mods.fml.client.FMLClientHandler.finishMinecraftLoading(FMLClientHandler.java:282) [FMLClientHandler.class:?]
	at net.minecraft.client.Minecraft.startGame(Minecraft.java:585) [Minecraft.class:?]
	at net.minecraft.client.Minecraft.run(Minecraft.java:892) [Minecraft.class:?]
	at net.minecraft.client.main.Main.main(Main.java:112) [Main.class:?]
	at sun.reflect.NativeMethodAccessorImpl.invoke0(Native Method) ~[?:1.6.0_65]
	at sun.reflect.NativeMethodAccessorImpl.invoke(NativeMethodAccessorImpl.java:39) ~[?:1.6.0_65]
	at sun.reflect.DelegatingMethodAccessorImpl.invoke(DelegatingMethodAccessorImpl.java:25) ~[?:1.6.0_65]
	at java.lang.reflect.Method.invoke(Method.java:597) ~[?:1.6.0_65]
	at net.minecraft.launchwrapper.Launch.launch(Launch.java:134) [launchwrapper-1.9.jar:?]
	at net.minecraft.launchwrapper.Launch.main(Launch.java:28) [launchwrapper-1.9.jar:?]
[15:46:36] [Client thread/INFO]: Created: 512x256 textures/blocks-atlas
[15:46:37] [Sound Library Loader/INFO]: Sound engine started
[15:46:37] [MCO Availability Checker #1/ERROR]: Couldn't connect to Realms
[15:46:39] [Server thread/INFO]: Starting integrated minecraft server version 1.7.2
[15:46:39] [Server thread/INFO]: Generating keypair
[15:46:40] [Server thread/INFO]: Preparing start region for level 0
[15:46:41] [Server thread/INFO]: Preparing spawn area: 52%
[15:46:41] [Server thread/INFO]: Player252[local:E:45fbc4c8] logged in with entity id 283 at (-259.3134958239784, 42.0, 254.28065832249214)
[15:46:41] [Server thread/INFO]: Player252 joined the game
[15:46:42] [Skin downloader: http://skins.minecraft.net/MinecraftSkins/Player252.png/ERROR]: Couldn't download http texture
java.net.UnknownHostException: skins.minecraft.net
	at java.net.PlainSocketImpl.connect(PlainSocketImpl.java:223) ~[?:1.6.0_65]
	at java.net.SocksSocketImpl.connect(SocksSocketImpl.java:431) ~[?:1.6.0_65]
	at java.net.Socket.connect(Socket.java:527) ~[?:1.6.0_65]
	at java.net.Socket.connect(Socket.java:476) ~[?:1.6.0_65]
	at sun.net.NetworkClient.doConnect(NetworkClient.java:163) ~[?:1.6.0_65]
	at sun.net.www.http.HttpClient.openServer(HttpClient.java:424) ~[?:1.6.0_65]
	at sun.net.www.http.HttpClient.openServer(HttpClient.java:538) ~[?:1.6.0_65]
	at sun.net.www.http.HttpClient.<init>(HttpClient.java:214) ~[?:1.6.0_65]
	at sun.net.www.http.HttpClient.New(HttpClient.java:300) ~[?:1.6.0_65]
	at sun.net.www.http.HttpClient.New(HttpClient.java:319) ~[?:1.6.0_65]
	at sun.net.www.protocol.http.HttpURLConnection.getNewHttpClient(HttpURLConnection.java:987) ~[?:1.6.0_65]
	at sun.net.www.protocol.http.HttpURLConnection.plainConnect(HttpURLConnection.java:966) ~[?:1.6.0_65]
	at sun.net.www.protocol.http.HttpURLConnection.connect(HttpURLConnection.java:841) ~[?:1.6.0_65]
	at net.minecraft.client.renderer.ThreadDownloadImageData$1.run(ThreadDownloadImageData.java:87) [ThreadDownloadImageData$1.class:?]
[15:46:42] [Skin downloader: http://skins.minecraft.net/MinecraftCloaks/Player252.png/ERROR]: Couldn't download http texture
java.net.UnknownHostException: skins.minecraft.net
	at java.net.PlainSocketImpl.connect(PlainSocketImpl.java:223) ~[?:1.6.0_65]
	at java.net.SocksSocketImpl.connect(SocksSocketImpl.java:431) ~[?:1.6.0_65]
	at java.net.Socket.connect(Socket.java:527) ~[?:1.6.0_65]
	at java.net.Socket.connect(Socket.java:476) ~[?:1.6.0_65]
	at sun.net.NetworkClient.doConnect(NetworkClient.java:163) ~[?:1.6.0_65]
	at sun.net.www.http.HttpClient.openServer(HttpClient.java:424) ~[?:1.6.0_65]
	at sun.net.www.http.HttpClient.openServer(HttpClient.java:538) ~[?:1.6.0_65]
	at sun.net.www.http.HttpClient.<init>(HttpClient.java:214) ~[?:1.6.0_65]
	at sun.net.www.http.HttpClient.New(HttpClient.java:300) ~[?:1.6.0_65]
	at sun.net.www.http.HttpClient.New(HttpClient.java:319) ~[?:1.6.0_65]
	at sun.net.www.protocol.http.HttpURLConnection.getNewHttpClient(HttpURLConnection.java:987) ~[?:1.6.0_65]
	at sun.net.www.protocol.http.HttpURLConnection.plainConnect(HttpURLConnection.java:966) ~[?:1.6.0_65]
	at sun.net.www.protocol.http.HttpURLConnection.connect(HttpURLConnection.java:841) ~[?:1.6.0_65]
	at net.minecraft.client.renderer.ThreadDownloadImageData$1.run(ThreadDownloadImageData.java:87) [ThreadDownloadImageData$1.class:?]
[15:46:43] [Server thread/INFO]: Player252 has just earned the achievement [Taking Inventory]
[15:46:43] [Client thread/INFO]: [CHAT] Player252 has just earned the achievement [Taking Inventory]
[15:47:31] [Server thread/INFO]: Saving and pausing game...
[15:47:31] [Server thread/INFO]: Saving chunks for level 'Copper'/Overworld
[15:47:31] [Server thread/INFO]: Saving chunks for level 'Copper'/Nether
[15:47:31] [Server thread/INFO]: Saving chunks for level 'Copper'/The End
[15:48:07] [Server thread/INFO]: Saving and pausing game...
[15:48:07] [Server thread/INFO]: Saving chunks for level 'Copper'/Overworld
[15:48:07] [Server thread/INFO]: Saving chunks for level 'Copper'/Nether
[15:48:07] [Server thread/INFO]: Saving chunks for level 'Copper'/The End
[15:48:15] [Server thread/INFO]: [Player252: Set own game mode to Creative Mode]
[15:48:15] [Client thread/INFO]: [CHAT] Your game mode has been updated
